<?xml version="1.0" encoding="UTF-8"?>
<!-- Generated by org.testng.reporters.JUnitXMLReporter -->
<testsuite ignored="0" hostname="Kabwes-MBP.attlocal.net" failures="1" tests="1" name="Safari on Mac" time="0.368" errors="0" timestamp="2025-01-18T23:59:11 CST">
  <testcase classname="testcases.TC001_AccountRegistrationTest" name="verify_account_regis" time="0.059">
    <failure type="java.lang.AssertionError" message="Test failed due to exception:Cannot invoke &amp;quot;org.openqa.selenium.SearchContext.findElement(org.openqa.selenium.By)&amp;quot; because &amp;quot;this.searchContext&amp;quot; is null">
      <![CDATA[java.lang.AssertionError: Test failed due to exception:Cannot invoke "org.openqa.selenium.SearchContext.findElement(org.openqa.selenium.By)" because "this.searchContext" is null
at testcases.TC001_AccountRegistrationTest.verify_account_regis(TC001_AccountRegistrationTest.java:64)
at java.base/java.util.ArrayList.forEach(ArrayList.java:1596)
at java.base/java.util.concurrent.FutureTask.run(FutureTask.java:317)
at java.base/java.util.concurrent.ThreadPoolExecutor.runWorker(ThreadPoolExecutor.java:1144)
at java.base/java.util.concurrent.ThreadPoolExecutor$Worker.run(ThreadPoolExecutor.java:642)
at java.base/java.lang.Thread.run(Thread.java:1583)
... Removed 17 stack frames]]>
    </failure>
  </testcase> <!-- verify_account_regis -->
</testsuite> <!-- Safari on Mac -->
