<?xml version="1.0" encoding="UTF-8"?>
<!-- Generated by org.testng.reporters.JUnitXMLReporter -->
<testsuite ignored="0" hostname="Kabwes-MBP.attlocal.net" failures="2" tests="5" name="Chrome on Mac" time="16.306" errors="0" timestamp="2025-02-01T17:23:02 CST">
  <testcase classname="testcases.TC03_LoginDDT" name="verify_LoginData" time="1.915">
    <failure type="java.lang.AssertionError" message="expected [true] but found [false]">
      <![CDATA[java.lang.AssertionError: expected [true] but found [false]
at testcases.TC03_LoginDDT.verify_LoginData(TC03_LoginDDT.java:48)
at java.base/java.util.ArrayList.forEach(ArrayList.java:1596)
at java.base/java.util.concurrent.FutureTask.run(FutureTask.java:317)
at java.base/java.util.concurrent.ThreadPoolExecutor.runWorker(ThreadPoolExecutor.java:1144)
at java.base/java.util.concurrent.ThreadPoolExecutor$Worker.run(ThreadPoolExecutor.java:642)
at java.base/java.lang.Thread.run(Thread.java:1583)
... Removed 20 stack frames]]>
    </failure>
  </testcase> <!-- verify_LoginData -->
  <testcase classname="testcases.TC03_LoginDDT" name="verify_LoginData" time="1.069"/>
  <testcase classname="testcases.TC03_LoginDDT" name="verify_LoginData" time="2.111"/>
  <testcase classname="testcases.TC03_LoginDDT" name="verify_LoginData" time="1.167"/>
  <testcase classname="testcases.TC03_LoginDDT" name="verify_LoginData" time="0.668">
    <failure type="java.lang.AssertionError" message="expected [true] but found [false]">
      <![CDATA[java.lang.AssertionError: expected [true] but found [false]
at testcases.TC03_LoginDDT.verify_LoginData(TC03_LoginDDT.java:48)
at java.base/java.util.ArrayList.forEach(ArrayList.java:1596)
at java.base/java.util.concurrent.FutureTask.run(FutureTask.java:317)
at java.base/java.util.concurrent.ThreadPoolExecutor.runWorker(ThreadPoolExecutor.java:1144)
at java.base/java.util.concurrent.ThreadPoolExecutor$Worker.run(ThreadPoolExecutor.java:642)
at java.base/java.lang.Thread.run(Thread.java:1583)
... Removed 20 stack frames]]>
    </failure>
  </testcase> <!-- verify_LoginData -->
</testsuite> <!-- Chrome on Mac -->
